<?xml version="1.0" encoding="utf-8"?><testsuites name="pytest tests"><testsuite name="pytest" errors="0" failures="0" skipped="0" tests="1" time="0.207" timestamp="2025-09-30T15:12:17.552341+00:00" hostname="docker-desktop"><testcase classname="tests.integration.test_transactions_api" name="test_health_endpoint" time="0.008" /></testsuite></testsuites>